   1              	 .syntax unified
   2              	 .cpu cortex-m4
   3              	 .eabi_attribute 27,3
   4              	 .fpu fpv4-sp-d16
   5              	 .eabi_attribute 20,1
   6              	 .eabi_attribute 21,1
   7              	 .eabi_attribute 23,3
   8              	 .eabi_attribute 24,1
   9              	 .eabi_attribute 25,1
  10              	 .eabi_attribute 26,1
  11              	 .eabi_attribute 30,6
  12              	 .eabi_attribute 34,1
  13              	 .eabi_attribute 18,4
  14              	 .thumb
  15              	 .file "main.c"
  16              	 .text
  17              	.Ltext0:
  18              	 .cfi_sections .debug_frame
  19              	 .section .text.main,"ax",%progbits
  20              	 .align 2
  21              	 .global main
  22              	 .thumb
  23              	 .thumb_func
  25              	main:
  26              	.LFB132:
  27              	 .file 1 "../src/main.c"
   1:../src/main.c **** #include "XMC4500.h"
   2:../src/main.c **** 
   3:../src/main.c **** int main(void)
   4:../src/main.c **** {
  28              	 .loc 1 4 0
  29              	 .cfi_startproc
  30              	 
  31              	 
  32              	 
  33 0000 80B4     	 push {r7}
  34              	.LCFI0:
  35              	 .cfi_def_cfa_offset 4
  36              	 .cfi_offset 7,-4
  37 0002 00AF     	 add r7,sp,#0
  38              	.LCFI1:
  39              	 .cfi_def_cfa_register 7
  40 0004 0023     	 movs r3,#0
   5:../src/main.c **** 
   6:../src/main.c **** }
  41              	 .loc 1 6 0
  42 0006 1846     	 mov r0,r3
  43 0008 BD46     	 mov sp,r7
  44              	.LCFI2:
  45              	 .cfi_def_cfa_register 13
  46              	 
  47 000a 5DF8047B 	 ldr r7,[sp],#4
  48              	.LCFI3:
  49              	 .cfi_restore 7
  50              	 .cfi_def_cfa_offset 0
  51 000e 7047     	 bx lr
  52              	 .cfi_endproc
  53              	.LFE132:
  55              	 .text
  56              	.Letext0:
  57              	 .file 2 "c:\\dave-ide-4.4.2-64bit\\eclipse\\arm-gcc-49\\arm-none-eabi\\include\\machine\\_default_types.h"
  58              	 .file 3 "c:\\dave-ide-4.4.2-64bit\\eclipse\\arm-gcc-49\\arm-none-eabi\\include\\stdint.h"
  59              	 .file 4 "C:/Users/lgg/Desktop/hithanbo/dave_ws/lgg_xmc/Libraries/CMSIS/Include/cmsis_gcc.h"
  60              	 .file 5 "C:/Users/lgg/Desktop/hithanbo/dave_ws/lgg_xmc/Libraries/CMSIS/Include/core_cm4.h"
DEFINED SYMBOLS
                            *ABS*:00000000 main.c
    {standard input}:20     .text.main:00000000 $t
    {standard input}:25     .text.main:00000000 main
                     .debug_frame:00000010 $d

NO UNDEFINED SYMBOLS
